2023-07-12 15:12:46 info: DB connected successfully
2023-07-12 15:12:46 info: Listening to port 8989
2023-07-12 15:13:14 error: ksfjdaldkjsf
2023-07-12 15:13:14 info: DB connected successfully
2023-07-12 15:13:14 info: Listening to port 8989
2023-07-12 15:13:36 error: ksfjdaldkjsf
2023-07-12 15:13:36 info: DB connected successfully
2023-07-12 15:13:36 info: Listening to port 8989
2023-07-12 15:14:28 error: ksfjdaldkjsf
2023-07-12 15:14:28 info: DB connected successfully
2023-07-12 15:14:28 info: Listening to port 8989
2023-07-12 15:14:46 error: ksfjdaldkjsf
2023-07-12 15:14:46 info: DB connected successfully
2023-07-12 15:14:46 info: Listening to port 8989
2023-07-12 15:15:15 error: ksfjdaldkjsf
2023-07-12 15:15:15 info: DB connected successfully
2023-07-12 15:15:15 info: Listening to port 8989
2023-07-12 15:16:10 info: DB connected successfully
2023-07-12 15:16:10 info: Listening to port 8989
2023-07-12 15:35:11 error: Seller with this email already registered,please login to proceed 
2023-07-12 15:35:34 error: User with this email not found 
2023-07-12 15:37:33 info: DB connected successfully
2023-07-12 15:37:33 info: Listening to port 8989
2023-07-12 15:38:01 info: DB connected successfully
2023-07-12 15:38:01 info: Listening to port 8989
2023-07-12 16:10:52 info: DB connected successfully
2023-07-12 16:10:52 info: Listening to port 8989
2023-07-12 16:13:01 info: DB connected successfully
2023-07-12 16:13:01 info: Listening to port 8989
2023-07-12 16:14:33 info: DB connected successfully
2023-07-12 16:14:33 info: Listening to port 8989
2023-07-12 16:14:57 info: DB connected successfully
2023-07-12 16:14:57 info: Listening to port 8989
2023-07-12 16:19:17 info: DB connected successfully
2023-07-12 16:19:17 info: Listening to port 8989
2023-07-12 16:19:38 info: DB connected successfully
2023-07-12 16:19:38 info: Listening to port 8989
2023-07-12 16:19:44 info: DB connected successfully
2023-07-12 16:19:44 info: Listening to port 8989
2023-07-12 16:19:52 info: DB connected successfully
2023-07-12 16:19:52 info: Listening to port 8989
2023-07-12 16:21:12 info: DB connected successfully
2023-07-12 16:21:12 info: Listening to port 8989
2023-07-12 16:22:31 info: DB connected successfully
2023-07-12 16:22:31 info: Listening to port 8989
2023-07-12 16:23:49 info: DB connected successfully
2023-07-12 16:23:49 info: Listening to port 8989
2023-07-12 16:26:24 info: DB connected successfully
2023-07-12 16:26:24 info: Listening to port 8989
2023-07-12 16:26:38 info: DB connected successfully
2023-07-12 16:26:38 info: Listening to port 8989
2023-07-12 16:26:48 info: DB connected successfully
2023-07-12 16:26:48 info: Listening to port 8989
2023-07-12 16:27:22 info: DB connected successfully
2023-07-12 16:27:22 info: Listening to port 8989
2023-07-12 16:27:28 info: DB connected successfully
2023-07-12 16:27:28 info: Listening to port 8989
2023-07-12 16:27:37 info: DB connected successfully
2023-07-12 16:27:37 info: Listening to port 8989
2023-07-12 16:29:24 info: DB connected successfully
2023-07-12 16:29:24 info: Listening to port 8989
2023-07-12 16:29:52 info: DB connected successfully
2023-07-12 16:29:52 info: Listening to port 8989
2023-07-12 16:30:00 info: DB connected successfully
2023-07-12 16:30:00 info: Listening to port 8989
2023-07-12 16:30:06 info: DB connected successfully
2023-07-12 16:30:06 info: Listening to port 8989
2023-07-12 16:30:14 info: DB connected successfully
2023-07-12 16:30:14 info: Listening to port 8989
2023-07-12 16:36:41 info: DB connected successfully
2023-07-12 16:36:41 info: Listening to port 8989
2023-07-12 16:37:01 info: DB connected successfully
2023-07-12 16:37:01 info: Listening to port 8989
2023-07-12 16:43:35 info: DB connected successfully
2023-07-12 16:43:35 info: Listening to port 8989
2023-07-12 16:43:46 info: DB connected successfully
2023-07-12 16:43:46 info: Listening to port 8989
2023-07-12 16:45:03 info: DB connected successfully
2023-07-12 16:45:03 info: Listening to port 8989
2023-07-12 16:45:09 info: DB connected successfully
2023-07-12 16:45:09 info: Listening to port 8989
2023-07-12 16:47:07 error: Unexpected token } in JSON at position 197
2023-07-12 16:47:18 error: User with this email not found
2023-07-12 16:47:33 info: DB connected successfully
2023-07-12 16:47:33 info: Listening to port 8989
2023-07-12 16:48:21 info: DB connected successfully
2023-07-12 16:48:21 info: Listening to port 8989
2023-07-12 16:48:44 info: DB connected successfully
2023-07-12 16:48:44 info: Listening to port 8989
2023-07-12 16:49:05 info: DB connected successfully
2023-07-12 16:49:05 info: Listening to port 8989
2023-07-12 16:49:16 error: Unexpected token . in JSON at position 194
2023-07-12 16:49:24 error: User with this email not found
2023-07-12 16:49:49 info: DB connected successfully
2023-07-12 16:49:49 info: Listening to port 8989
2023-07-12 16:50:18 info: DB connected successfully
2023-07-12 16:50:18 info: Listening to port 8989
2023-07-12 16:51:06 info: DB connected successfully
2023-07-12 16:51:06 info: Listening to port 8989
2023-07-12 16:51:45 info: DB connected successfully
2023-07-12 16:51:45 info: Listening to port 8989
2023-07-12 16:51:57 error: User with this email not found
2023-07-12 16:53:05 info: DB connected successfully
2023-07-12 16:53:05 info: Listening to port 8989
2023-07-12 16:53:15 error: User with this email not found
2023-07-12 16:53:49 info: DB connected successfully
2023-07-12 16:53:49 info: Listening to port 8989
2023-07-12 16:53:51 error: User with this email not found
2023-07-12 16:54:43 info: DB connected successfully
2023-07-12 16:54:43 info: Listening to port 8989
2023-07-12 16:54:46 error: User validation failed: password: Path `password` is required.
2023-07-12 16:55:03 info: DB connected successfully
2023-07-12 16:55:03 info: Listening to port 8989
2023-07-12 16:55:38 info: DB connected successfully
2023-07-12 16:55:38 info: Listening to port 8989
2023-07-12 16:55:47 info: DB connected successfully
2023-07-12 16:55:47 info: Listening to port 8989
2023-07-12 16:58:55 info: DB connected successfully
2023-07-12 16:58:55 info: Listening to port 8989
2023-07-12 16:59:10 error: E11000 duplicate key error collection: bizz-demo3.users index: username_1 dup key: { username: null }
2023-07-12 16:59:42 error: Couldn't send mail
2023-07-12 17:04:04 info: DB connected successfully
2023-07-12 17:04:04 info: Listening to port 8989
2023-07-12 17:04:19 error: E11000 duplicate key error collection: bizz-demo3.users index: username_1 dup key: { username: null }
2023-07-12 17:04:52 info: verification otp sent to vishannraii@gmail.com
2023-07-12 17:04:54 error: E11000 duplicate key error collection: bizz-demo3.users index: username_1 dup key: { username: null }
2023-07-12 17:04:57 info: verification otp sent to vishannraii@gmail.com
2023-07-12 17:07:23 info: verification otp sent to vishannraii@gmail.com
2023-07-12 17:45:06 info: DB connected successfully
2023-07-12 17:45:06 info: Listening to port 8989
2023-07-12 17:53:23 info: DB connected successfully
2023-07-12 17:53:23 info: Listening to port 8989
2023-07-12 17:53:32 info: DB connected successfully
2023-07-12 17:53:32 info: Listening to port 8989
2023-07-12 17:53:47 info: DB connected successfully
2023-07-12 17:53:47 info: Listening to port 8989
2023-07-12 17:53:57 info: DB connected successfully
2023-07-12 17:53:57 info: Listening to port 8989
2023-07-12 17:55:57 info: DB connected successfully
2023-07-12 17:55:57 info: Listening to port 8989
2023-07-12 17:57:49 info: DB connected successfully
2023-07-12 17:57:49 info: Listening to port 8989
2023-07-12 17:58:05 info: DB connected successfully
2023-07-12 17:58:05 info: Listening to port 8989
2023-07-12 17:58:12 info: DB connected successfully
2023-07-12 17:58:12 info: Listening to port 8989
2023-07-12 18:00:41 info: DB connected successfully
2023-07-12 18:00:41 info: Listening to port 8989
2023-07-12 18:01:06 info: DB connected successfully
2023-07-12 18:01:06 info: Listening to port 8989
2023-07-12 18:01:30 info: DB connected successfully
2023-07-12 18:01:30 info: Listening to port 8989
2023-07-12 18:04:16 info: DB connected successfully
2023-07-12 18:04:16 info: Listening to port 8989
2023-07-12 18:05:09 info: DB connected successfully
2023-07-12 18:05:09 info: Listening to port 8989
2023-07-12 18:06:14 info: DB connected successfully
2023-07-12 18:06:14 info: Listening to port 8989
2023-07-12 18:07:28 info: DB connected successfully
2023-07-12 18:07:28 info: Listening to port 8989
2023-07-12 18:07:41 info: DB connected successfully
2023-07-12 18:07:41 info: Listening to port 8989
2023-07-12 18:10:10 info: DB connected successfully
2023-07-12 18:10:10 info: Listening to port 8989
2023-07-12 18:10:20 info: DB connected successfully
2023-07-12 18:10:20 info: Listening to port 8989
2023-07-12 18:10:26 info: DB connected successfully
2023-07-12 18:10:26 info: Listening to port 8989
2023-07-12 18:11:13 error: E11000 duplicate key error collection: bizz-demo3.users index: email_1 dup key: { email: "vishannraii@gmail.com" }
2023-07-12 18:11:43 info: DB connected successfully
2023-07-12 18:11:43 info: Listening to port 8989
2023-07-12 18:11:45 error: E11000 duplicate key error collection: bizz-demo3.users index: email_1 dup key: { email: "vishannraii@gmail.com" }
2023-07-12 18:12:42 info: DB connected successfully
2023-07-12 18:12:42 info: Listening to port 8989
2023-07-12 18:13:08 info: DB connected successfully
2023-07-12 18:13:08 info: Listening to port 8989
2023-07-12 18:13:58 info: register set-password sent to vishannraii@gmail.com
2023-07-12 18:14:30 info: DB connected successfully
2023-07-12 18:14:30 info: Listening to port 8989
2023-07-12 18:14:38 info: DB connected successfully
2023-07-12 18:14:38 info: Listening to port 8989
2023-07-12 18:15:17 info: register set-password sent to vishannraii@gmail.com
2023-07-12 18:15:37 info: register set-password sent to vishannraii@gmail.com
